frontend/android/app/build/intermediates/manifest_merge_blame_file/debug/manifest-merger-blame-debug-report.txt
1<?xml version="1.0" encoding="utf-8"?>
2<manifest xmlns:android="http://schemas.android.com/apk/res/android"
3    package="com.frontend"
4    android:versionCode="1"
5    android:versionName="1.0" >
6
7    <uses-sdk
8        android:minSdkVersion="21"
9        android:targetSdkVersion="34" />
10
11    <uses-permission android:name="android.permission.INTERNET" />
11-->src\main\AndroidManifest.xml:2:5-66
11-->src\main\AndroidManifest.xml:2:22-64
12    <uses-permission android:name="android.permission.SYSTEM_ALERT_WINDOW" />
12-->src\main\AndroidManifest.xml:3:5-77
12-->src\main\AndroidManifest.xml:3:22-75
13    <uses-permission android:name="android.permission.READ_EXTERNAL_STORAGE" />
13-->src\main\AndroidManifest.xml:4:5-79
13-->src\main\AndroidManifest.xml:4:22-77
14    <uses-permission android:name="android.permission.WRITE_EXTERNAL_STORAGE" />
14-->src\main\AndroidManifest.xml:5:5-80
14-->src\main\AndroidManifest.xml:5:22-78
15    <uses-permission android:name="android.permission.CAMERA" />
15-->src\main\AndroidManifest.xml:6:5-64
15-->src\main\AndroidManifest.xml:6:22-62
16    <uses-permission android:name="android.permission.RECORD_AUDIO" />
16-->src\main\AndroidManifest.xml:7:5-70
16-->src\main\AndroidManifest.xml:7:22-68
17    <uses-permission android:name="android.permission.MODIFY_AUDIO_SETTINGS" />
17-->src\main\AndroidManifest.xml:8:5-79
17-->src\main\AndroidManifest.xml:8:22-77
18    <uses-permission android:name="android.permission.READ_PHONE_STATE" />
18-->src\main\AndroidManifest.xml:9:5-74
18-->src\main\AndroidManifest.xml:9:22-72
19    <uses-permission android:name="android.permission.ACCESS_NETWORK_STATE" />
19-->src\main\AndroidManifest.xml:10:5-78
19-->src\main\AndroidManifest.xml:10:22-76
20    <uses-permission android:name="android.permission.VIBRATE" />
20-->src\main\AndroidManifest.xml:11:5-65
20-->src\main\AndroidManifest.xml:11:22-63
21    <uses-permission android:name="android.permission.WAKE_LOCK" />
21-->src\main\AndroidManifest.xml:12:5-67
21-->src\main\AndroidManifest.xml:12:22-65
22    <uses-permission android:name="android.permission.ACCESS_FINE_LOCATION" />
22-->src\main\AndroidManifest.xml:13:5-78
22-->src\main\AndroidManifest.xml:13:22-76
23    <uses-permission android:name="android.permission.ACCESS_COARSE_LOCATION" />
23-->src\main\AndroidManifest.xml:14:5-80
23-->src\main\AndroidManifest.xml:14:22-78
24    <uses-permission android:name="android.permission.ACCESS_WIFI_STATE" />
24-->[com.facebook.flipper:flipper:0.201.0] AndroidManifest.xml:14:5-76
24-->[com.facebook.flipper:flipper:0.201.0] AndroidManifest.xml:14:22-73
25
26    <permission
26-->[androidx.core:core:1.9.0] AndroidManifest.xml:22:5-24:47
27        android:name="com.frontend.DYNAMIC_RECEIVER_NOT_EXPORTED_PERMISSION"
27-->[androidx.core:core:1.9.0] AndroidManifest.xml:23:9-81
28        android:protectionLevel="signature" />
28-->[androidx.core:core:1.9.0] AndroidManifest.xml:24:9-44
29
30    <uses-permission android:name="com.frontend.DYNAMIC_RECEIVER_NOT_EXPORTED_PERMISSION" />
30-->[androidx.core:core:1.9.0] AndroidManifest.xml:26:5-97
30-->[androidx.core:core:1.9.0] AndroidManifest.xml:26:22-94
31
32    <application
32-->src\main\AndroidManifest.xml:16:5-41:19
33        android:name="com.frontend.MainApplication"
33-->src\main\AndroidManifest.xml:17:7-38
34        android:allowBackup="false"
34-->src\main\AndroidManifest.xml:21:7-34
35        android:appComponentFactory="androidx.core.app.CoreComponentFactory"
35-->[androidx.core:core:1.9.0] AndroidManifest.xml:28:18-86
36        android:debuggable="true"
37        android:extractNativeLibs="true"
38        android:icon="@mipmap/ic_launcher"
38-->src\main\AndroidManifest.xml:19:7-41
39        android:label="@string/app_name"
39-->src\main\AndroidManifest.xml:18:7-39
40        android:roundIcon="@mipmap/ic_launcher_round"
40-->src\main\AndroidManifest.xml:20:7-52
41        android:theme="@style/AppTheme"
41-->src\main\AndroidManifest.xml:22:7-38
42        android:usesCleartextTraffic="true" > <!-- Ajoutez votre clÃ© API Google Maps ici -->
42-->src\debug\AndroidManifest.xml:6:9-44
43        <meta-data
43-->src\main\AndroidManifest.xml:25:7-27:66
44            android:name="com.google.android.geo.API_KEY"
44-->src\main\AndroidManifest.xml:26:9-54
45            android:value="AIzaSyC_IMygJzn2msqFyZHfZDuTAFypEUEu-YE" />
45-->src\main\AndroidManifest.xml:27:9-64
46
47        <activity
47-->src\main\AndroidManifest.xml:29:7-40:18
48            android:name="com.frontend.MainActivity"
48-->src\main\AndroidManifest.xml:30:9-37
49            android:configChanges="keyboard|keyboardHidden|orientation|screenLayout|screenSize|smallestScreenSize|uiMode"
49-->src\main\AndroidManifest.xml:32:9-118
50            android:exported="true"
50-->src\main\AndroidManifest.xml:35:9-32
51            android:label="@string/app_name"
51-->src\main\AndroidManifest.xml:31:9-41
52            android:launchMode="singleTask"
52-->src\main\AndroidManifest.xml:33:9-40
53            android:windowSoftInputMode="adjustResize" >
53-->src\main\AndroidManifest.xml:34:9-51
54            <intent-filter>
54-->src\main\AndroidManifest.xml:36:9-39:25
55                <action android:name="android.intent.action.MAIN" />
55-->src\main\AndroidManifest.xml:37:13-65
55-->src\main\AndroidManifest.xml:37:21-62
56
57                <category android:name="android.intent.category.LAUNCHER" />
57-->src\main\AndroidManifest.xml:38:13-73
57-->src\main\AndroidManifest.xml:38:23-70
58            </intent-filter>
59        </activity>
60        <activity
60-->[com.facebook.react:react-android:0.73.6] AndroidManifest.xml:19:9-21:40
61            android:name="com.facebook.react.devsupport.DevSettingsActivity"
61-->[com.facebook.react:react-android:0.73.6] AndroidManifest.xml:20:13-77
62            android:exported="false" />
62-->[com.facebook.react:react-android:0.73.6] AndroidManifest.xml:21:13-37
63
64        <provider
64-->[androidx.emoji2:emoji2:1.2.0] AndroidManifest.xml:24:9-32:20
65            android:name="androidx.startup.InitializationProvider"
65-->[androidx.emoji2:emoji2:1.2.0] AndroidManifest.xml:25:13-67
66            android:authorities="com.frontend.androidx-startup"
66-->[androidx.emoji2:emoji2:1.2.0] AndroidManifest.xml:26:13-68
67            android:exported="false" >
67-->[androidx.emoji2:emoji2:1.2.0] AndroidManifest.xml:27:13-37
68            <meta-data
68-->[androidx.emoji2:emoji2:1.2.0] AndroidManifest.xml:29:13-31:52
69                android:name="androidx.emoji2.text.EmojiCompatInitializer"
69-->[androidx.emoji2:emoji2:1.2.0] AndroidManifest.xml:30:17-75
70                android:value="androidx.startup" />
70-->[androidx.emoji2:emoji2:1.2.0] AndroidManifest.xml:31:17-49
71            <meta-data
71-->[androidx.lifecycle:lifecycle-process:2.4.1] AndroidManifest.xml:31:13-33:52
72                android:name="androidx.lifecycle.ProcessLifecycleInitializer"
72-->[androidx.lifecycle:lifecycle-process:2.4.1] AndroidManifest.xml:32:17-78
73                android:value="androidx.startup" />
73-->[androidx.lifecycle:lifecycle-process:2.4.1] AndroidManifest.xml:33:17-49
74        </provider>
75
76        <meta-data
76-->[com.facebook.soloader:soloader:0.10.5] AndroidManifest.xml:12:9-14:37
77            android:name="com.facebook.soloader.enabled"
77-->[com.facebook.soloader:soloader:0.10.5] AndroidManifest.xml:13:13-57
78            android:value="false" />
78-->[com.facebook.soloader:soloader:0.10.5] AndroidManifest.xml:14:13-34
79    </application>
80
81</manifest>